This file contains any messages produced by compilers while
running configure, to aid debugging if configure makes a mistake.

It was created by Apertium Hindi configure 0.1.0, which was
generated by GNU Autoconf 2.71.  Invocation command line was

  $ ./configure

## --------- ##
## Platform. ##
## --------- ##

hostname = Gourabs-MacBook-Pro.local
uname -m = x86_64
uname -r = 20.1.0
uname -s = Darwin
uname -v = Darwin Kernel Version 20.1.0: Sat Oct 31 00:07:11 PDT 2020; root:xnu-7195.50.7~2/RELEASE_X86_64

/usr/bin/uname -p = i386
/bin/uname -X     = unknown

/bin/arch              = unknown
/usr/bin/arch -k       = unknown
/usr/convex/getsysinfo = unknown
/usr/bin/hostinfo      = Mach kernel version:
	 Darwin Kernel Version 20.1.0: Sat Oct 31 00:07:11 PDT 2020; root:xnu-7195.50.7~2/RELEASE_X86_64
Kernel configured for up to 8 processors.
4 processors are physically available.
8 processors are logically available.
Processor type: x86_64h (Intel x86-64h Haswell)
Processors active: 0 1 2 3 4 5 6 7
Primary memory available: 8.00 gigabytes
Default processor set: 482 tasks, 2179 threads, 8 processors
Load average: 5.55, Mach factor: 4.54
/bin/machine           = unknown
/usr/bin/oslevel       = unknown
/bin/universe          = unknown

PATH: /opt/local/bin/
PATH: /opt/local/sbin/
PATH: /usr/local/bin/
PATH: /usr/bin/
PATH: /bin/
PATH: /usr/sbin/
PATH: /sbin/
PATH: /Library/Apple/usr/bin/
PATH: /Users/gourab337/Developer/flutter/bin/


## ----------- ##
## Core tests. ##
## ----------- ##

configure:1756: looking for aux files: missing install-sh
configure:1769:  trying ./
configure:1798:   ./missing found
configure:1780:   ./install-sh found
configure:1927: checking for a BSD-compatible install
configure:2000: result: /usr/bin/install -c
configure:2011: checking whether build environment is sane
configure:2066: result: yes
configure:2225: checking for a race-free mkdir -p
configure:2269: result: ./install-sh -c -d
configure:2276: checking for gawk
configure:2297: found /opt/local/bin/gawk
configure:2308: result: gawk
configure:2319: checking whether make sets $(MAKE)
configure:2342: result: yes
configure:2372: checking whether make supports nested variables
configure:2390: result: yes
configure:2581: checking for pkg-config
configure:2604: found /opt/local/bin/pkg-config
configure:2616: result: /opt/local/bin/pkg-config
configure:2641: checking pkg-config is at least version 0.9.0
configure:2644: result: yes
configure:2762: checking for apertium >= 3.6.0
configure:2769: $PKG_CONFIG --exists --print-errors "apertium >= 3.6.0"
configure:2772: $? = 0
configure:2786: $PKG_CONFIG --exists --print-errors "apertium >= 3.6.0"
configure:2789: $? = 0
configure:2847: result: yes
configure:2853: checking for lttoolbox >= 3.5.0
configure:2860: $PKG_CONFIG --exists --print-errors "lttoolbox >= 3.5.0"
configure:2863: $? = 0
configure:2877: $PKG_CONFIG --exists --print-errors "lttoolbox >= 3.5.0"
configure:2880: $? = 0
configure:2938: result: yes
configure:2944: checking for cg3 >= 1.3.0
configure:2951: $PKG_CONFIG --exists --print-errors "cg3 >= 1.3.0"
configure:2954: $? = 0
configure:2968: $PKG_CONFIG --exists --print-errors "cg3 >= 1.3.0"
configure:2971: $? = 0
configure:3029: result: yes
configure:3183: checking that generated files are newer than configure
configure:3189: result: done
configure:3201: creating ./config.status

## ---------------------- ##
## Running config.status. ##
## ---------------------- ##

This file was extended by Apertium Hindi config.status 0.1.0, which was
generated by GNU Autoconf 2.71.  Invocation command line was

  CONFIG_FILES    = 
  CONFIG_HEADERS  = 
  CONFIG_LINKS    = 
  CONFIG_COMMANDS = 
  $ ./config.status 

on Gourabs-MacBook-Pro.local

config.status:750: creating Makefile
config.status:750: creating apertium-hin.pc

## ---------------- ##
## Cache variables. ##
## ---------------- ##

ac_cv_env_APERTIUM_CFLAGS_set=
ac_cv_env_APERTIUM_CFLAGS_value=
ac_cv_env_APERTIUM_LIBS_set=
ac_cv_env_APERTIUM_LIBS_value=
ac_cv_env_CG3_CFLAGS_set=
ac_cv_env_CG3_CFLAGS_value=
ac_cv_env_CG3_LIBS_set=
ac_cv_env_CG3_LIBS_value=
ac_cv_env_HFSTOSPELL_CFLAGS_set=
ac_cv_env_HFSTOSPELL_CFLAGS_value=
ac_cv_env_HFSTOSPELL_LIBS_set=
ac_cv_env_HFSTOSPELL_LIBS_value=
ac_cv_env_LTTOOLBOX_CFLAGS_set=
ac_cv_env_LTTOOLBOX_CFLAGS_value=
ac_cv_env_LTTOOLBOX_LIBS_set=
ac_cv_env_LTTOOLBOX_LIBS_value=
ac_cv_env_PKG_CONFIG_LIBDIR_set=
ac_cv_env_PKG_CONFIG_LIBDIR_value=
ac_cv_env_PKG_CONFIG_PATH_set=set
ac_cv_env_PKG_CONFIG_PATH_value=/usr/local/lib/pkgconfig:
ac_cv_env_PKG_CONFIG_set=
ac_cv_env_PKG_CONFIG_value=
ac_cv_env_build_alias_set=
ac_cv_env_build_alias_value=
ac_cv_env_host_alias_set=
ac_cv_env_host_alias_value=
ac_cv_env_target_alias_set=
ac_cv_env_target_alias_value=
ac_cv_path_ac_pt_PKG_CONFIG=/opt/local/bin/pkg-config
ac_cv_path_install='/usr/bin/install -c'
ac_cv_prog_AWK=gawk
ac_cv_prog_make_make_set=yes
am_cv_make_support_nested_variables=yes
pkg_cv_APERTIUM_CFLAGS='-I/usr/local/include/apertium-3.7 -I/usr/local/lib/apertium-3.7/include'
pkg_cv_APERTIUM_LIBS='-L/usr/local/lib -lapertium3'
pkg_cv_CG3_CFLAGS=-I/usr/local/include/
pkg_cv_CG3_LIBS='-L/usr/local/lib -lcg3'
pkg_cv_LTTOOLBOX_CFLAGS=-I/usr/local/include/lttoolbox-3.5
pkg_cv_LTTOOLBOX_LIBS='-L/usr/local/lib -llttoolbox3'

## ----------------- ##
## Output variables. ##
## ----------------- ##

ACLOCAL='${SHELL} '\''/Users/gourab337/Desktop/apertium-hin-ben/apertium-hin/missing'\'' aclocal-1.16'
AMTAR='$${TAR-tar}'
AM_BACKSLASH='\'
AM_DEFAULT_V='$(AM_DEFAULT_VERBOSITY)'
AM_DEFAULT_VERBOSITY='1'
AM_V='$(V)'
APERTIUM_CFLAGS='-I/usr/local/include/apertium-3.7 -I/usr/local/lib/apertium-3.7/include'
APERTIUM_LIBS='-L/usr/local/lib -lapertium3'
AUTOCONF='${SHELL} '\''/Users/gourab337/Desktop/apertium-hin-ben/apertium-hin/missing'\'' autoconf'
AUTOHEADER='${SHELL} '\''/Users/gourab337/Desktop/apertium-hin-ben/apertium-hin/missing'\'' autoheader'
AUTOMAKE='${SHELL} '\''/Users/gourab337/Desktop/apertium-hin-ben/apertium-hin/missing'\'' automake-1.16'
AWK='gawk'
CG3_CFLAGS='-I/usr/local/include/'
CG3_LIBS='-L/usr/local/lib -lcg3'
CYGPATH_W='echo'
DEFS='-DPACKAGE_NAME=\"Apertium\ Hindi\" -DPACKAGE_TARNAME=\"apertium-hin\" -DPACKAGE_VERSION=\"0.1.0\" -DPACKAGE_STRING=\"Apertium\ Hindi\ 0.1.0\" -DPACKAGE_BUGREPORT=\"francis.tyers@gmail.com\" -DPACKAGE_URL=\"\" -DPACKAGE=\"apertium-hin\" -DVERSION=\"0.1.0\"'
ECHO_C='\c'
ECHO_N=''
ECHO_T=''
HAVE_HFSTOSPELL_FALSE=''
HAVE_HFSTOSPELL_TRUE='#'
HFSTOSPELL_CFLAGS=''
HFSTOSPELL_LIBS=''
INSTALL_DATA='${INSTALL} -m 644'
INSTALL_PROGRAM='${INSTALL}'
INSTALL_SCRIPT='${INSTALL}'
INSTALL_STRIP_PROGRAM='$(install_sh) -c -s'
LIBOBJS=''
LIBS=''
LTLIBOBJS=''
LTTOOLBOX_CFLAGS='-I/usr/local/include/lttoolbox-3.5'
LTTOOLBOX_LIBS='-L/usr/local/lib -llttoolbox3'
MAKEINFO='${SHELL} '\''/Users/gourab337/Desktop/apertium-hin-ben/apertium-hin/missing'\'' makeinfo'
MKDIR_P='./install-sh -c -d'
PACKAGE='apertium-hin'
PACKAGE_BUGREPORT='francis.tyers@gmail.com'
PACKAGE_NAME='Apertium Hindi'
PACKAGE_STRING='Apertium Hindi 0.1.0'
PACKAGE_TARNAME='apertium-hin'
PACKAGE_URL=''
PACKAGE_VERSION='0.1.0'
PATH_SEPARATOR=':'
PKG_CONFIG='/opt/local/bin/pkg-config'
PKG_CONFIG_LIBDIR=''
PKG_CONFIG_PATH='/usr/local/lib/pkgconfig:'
SET_MAKE=''
SHELL='/bin/sh'
STRIP=''
VERSION='0.1.0'
am__isrc=''
am__leading_dot='.'
am__tar='$${TAR-tar} chof - "$$tardir"'
am__untar='$${TAR-tar} xf -'
bindir='${exec_prefix}/bin'
build_alias=''
datadir='${datarootdir}'
datarootdir='${prefix}/share'
docdir='${datarootdir}/doc/${PACKAGE_TARNAME}'
dvidir='${docdir}'
exec_prefix='${prefix}'
host_alias=''
htmldir='${docdir}'
includedir='${prefix}/include'
infodir='${datarootdir}/info'
install_sh='${SHELL} /Users/gourab337/Desktop/apertium-hin-ben/apertium-hin/install-sh'
libdir='${exec_prefix}/lib'
libexecdir='${exec_prefix}/libexec'
localedir='${datarootdir}/locale'
localstatedir='${prefix}/var'
mandir='${datarootdir}/man'
mkdir_p='$(MKDIR_P)'
oldincludedir='/usr/include'
pdfdir='${docdir}'
prefix='/usr/local'
program_transform_name='s,x,x,'
psdir='${docdir}'
runstatedir='${localstatedir}/run'
sbindir='${exec_prefix}/sbin'
sharedstatedir='${prefix}/com'
sysconfdir='${prefix}/etc'
target_alias=''

## ----------- ##
## confdefs.h. ##
## ----------- ##

/* confdefs.h */
#define PACKAGE_NAME "Apertium Hindi"
#define PACKAGE_TARNAME "apertium-hin"
#define PACKAGE_VERSION "0.1.0"
#define PACKAGE_STRING "Apertium Hindi 0.1.0"
#define PACKAGE_BUGREPORT "francis.tyers@gmail.com"
#define PACKAGE_URL ""
#define PACKAGE "apertium-hin"
#define VERSION "0.1.0"

configure: exit 0
